<?xml version="1.0" encoding="UTF-8"?>
<testng-results ignored="0" total="1" passed="1" failed="0" skipped="0">
  <reporter-output>
    <line>
      <![CDATA[loc.browser.ready<br>]]>
    </line>
    <line>
      <![CDATA[-------------------------------------------------------------------------------------------------<br>]]>
    </line>
    <line>
      <![CDATA[=====================  loc.logger.test.case: 'steam.test.DownloadSteamTest' =====================<br>]]>
    </line>
    <line>
      <![CDATA[-------------------------------------------------------------------------------------------------<br>]]>
    </line>
    <line>
      <![CDATA[--------==[ loc.logger.test.preconditions ]==--------<br>]]>
    </line>
    <line>
      <![CDATA[--------==[ loc.logger.step1 ]==--------<br>]]>
    </line>
    <line>
      <![CDATA[--------==[Open Steam main page]==--------<br>]]>
    </line>
    <line>
      <![CDATA[--------==[ loc.logger.step2 ]==--------<br>]]>
    </line>
    <line>
      <![CDATA[--------==[Navigate to categories]==--------<br>]]>
    </line>
    <line>
      <![CDATA[--------==[ loc.logger.step3 ]==--------<br>]]>
    </line>
    <line>
      <![CDATA[--------==[Navigate to action category]==--------<br>]]>
    </line>
    <line>
      <![CDATA[--------==[ loc.logger.step4 ]==--------<br>]]>
    </line>
    <line>
      <![CDATA[--------==[Navigate to install steam]==--------<br>]]>
    </line>
    <line>
      <![CDATA[--------==[ loc.logger.step5 ]==--------<br>]]>
    </line>
    <line>
      <![CDATA[--------==[Download Steam]==--------<br>]]>
    </line>
    <line>
      <![CDATA[<br>]]>
    </line>
    <line>
      <![CDATA[****************************************************************************************<br>]]>
    </line>
    <line>
      <![CDATA[***** loc.logger.test.case: 'steam.test.DownloadSteamTest' loc.logger.test.passed! *****<br>]]>
    </line>
    <line>
      <![CDATA[****************************************************************************************<br>]]>
    </line>
    <line>
      <![CDATA[<br>]]>
    </line>
  </reporter-output>
  <suite started-at="2022-06-07T19:31:17 MSK" name="MySuite" finished-at="2022-06-07T19:31:41 MSK" duration-ms="24823">
    <groups>
    </groups>
    <test started-at="2022-06-07T19:31:17 MSK" name="SteamTest" finished-at="2022-06-07T19:31:41 MSK" duration-ms="24823">
      <class name="steam.test.DownloadSteamTest">
        <test-method is-config="true" signature="beforeTest()[pri:0, instance:steam.test.DownloadSteamTest@1c90029b]" started-at="2022-06-07T19:31:17 MSK" name="beforeTest" finished-at="2022-06-07T19:31:17 MSK" duration-ms="23" status="PASS">
          <reporter-output>
          </reporter-output>
        </test-method> <!-- beforeTest -->
        <test-method is-config="true" signature="before(org.testng.ITestContext)[pri:0, instance:steam.test.DownloadSteamTest@1c90029b]" started-at="2022-06-07T19:31:17 MSK" name="before" finished-at="2022-06-07T19:31:17 MSK" duration-ms="13" status="PASS">
          <params>
            <param index="0">
              <value>
                <![CDATA[org.testng.TestRunner@1013871e]]>
              </value>
            </param>
          </params>
          <reporter-output>
          </reporter-output>
        </test-method> <!-- before -->
        <test-method is-config="true" signature="beforeClass()[pri:0, instance:steam.test.DownloadSteamTest@1c90029b]" started-at="2022-06-07T19:31:17 MSK" name="beforeClass" finished-at="2022-06-07T19:31:17 MSK" duration-ms="0" status="PASS">
          <reporter-output>
          </reporter-output>
        </test-method> <!-- beforeClass -->
        <test-method signature="Test()[pri:0, instance:steam.test.DownloadSteamTest@1c90029b]" started-at="2022-06-07T19:31:17 MSK" name="Test" finished-at="2022-06-07T19:31:41 MSK" duration-ms="24378" status="PASS">
          <reporter-output>
            <line>
              <![CDATA[-------------------------------------------------------------------------------------------------<br>]]>
            </line>
            <line>
              <![CDATA[=====================  loc.logger.test.case: 'steam.test.DownloadSteamTest' =====================<br>]]>
            </line>
            <line>
              <![CDATA[-------------------------------------------------------------------------------------------------<br>]]>
            </line>
            <line>
              <![CDATA[--------==[ loc.logger.test.preconditions ]==--------<br>]]>
            </line>
            <line>
              <![CDATA[--------==[ loc.logger.step1 ]==--------<br>]]>
            </line>
            <line>
              <![CDATA[--------==[Open Steam main page]==--------<br>]]>
            </line>
            <line>
              <![CDATA[--------==[ loc.logger.step2 ]==--------<br>]]>
            </line>
            <line>
              <![CDATA[--------==[Navigate to categories]==--------<br>]]>
            </line>
            <line>
              <![CDATA[--------==[ loc.logger.step3 ]==--------<br>]]>
            </line>
            <line>
              <![CDATA[--------==[Navigate to action category]==--------<br>]]>
            </line>
            <line>
              <![CDATA[--------==[ loc.logger.step4 ]==--------<br>]]>
            </line>
            <line>
              <![CDATA[--------==[Navigate to install steam]==--------<br>]]>
            </line>
            <line>
              <![CDATA[--------==[ loc.logger.step5 ]==--------<br>]]>
            </line>
            <line>
              <![CDATA[--------==[Download Steam]==--------<br>]]>
            </line>
            <line>
              <![CDATA[<br>]]>
            </line>
            <line>
              <![CDATA[****************************************************************************************<br>]]>
            </line>
            <line>
              <![CDATA[***** loc.logger.test.case: 'steam.test.DownloadSteamTest' loc.logger.test.passed! *****<br>]]>
            </line>
            <line>
              <![CDATA[****************************************************************************************<br>]]>
            </line>
            <line>
              <![CDATA[<br>]]>
            </line>
          </reporter-output>
        </test-method> <!-- Test -->
        <test-method is-config="true" signature="after()[pri:0, instance:steam.test.DownloadSteamTest@1c90029b]" started-at="2022-06-07T19:31:41 MSK" name="after" finished-at="2022-06-07T19:31:41 MSK" duration-ms="243" status="PASS">
          <reporter-output>
          </reporter-output>
        </test-method> <!-- after -->
      </class> <!-- steam.test.DownloadSteamTest -->
    </test> <!-- SteamTest -->
  </suite> <!-- MySuite -->
</testng-results>
