<?xml version="1.0" encoding="UTF-8"?>
<testng-results ignored="0" total="1" passed="1" failed="0" skipped="0">
  <reporter-output>
  </reporter-output>
  <suite started-at="2022-05-17T12:22:49 MSK" name="Surefire suite" finished-at="2022-05-17T12:23:05 MSK" duration-ms="16191">
    <groups>
    </groups>
    <test started-at="2022-05-17T12:22:49 MSK" name="Surefire test" finished-at="2022-05-17T12:23:05 MSK" duration-ms="16191">
      <class name="steam.test.DownloadSteamTest">
        <test-method is-config="true" signature="beforeTest()[pri:0, instance:steam.test.DownloadSteamTest@1930a804]" started-at="2022-05-17T12:22:49 MSK" name="beforeTest" finished-at="2022-05-17T12:22:49 MSK" duration-ms="29" status="PASS">
          <reporter-output>
          </reporter-output>
        </test-method> <!-- beforeTest -->
        <test-method is-config="true" signature="beforeClass()[pri:0, instance:steam.test.DownloadSteamTest@1930a804]" started-at="2022-05-17T12:22:49 MSK" name="beforeClass" finished-at="2022-05-17T12:22:49 MSK" duration-ms="0" status="PASS">
          <reporter-output>
          </reporter-output>
        </test-method> <!-- beforeClass -->
        <test-method signature="Test()[pri:0, instance:steam.test.DownloadSteamTest@1930a804]" started-at="2022-05-17T12:22:49 MSK" name="Test" finished-at="2022-05-17T12:23:04 MSK" duration-ms="15590" status="PASS">
          <reporter-output>
          </reporter-output>
        </test-method> <!-- Test -->
        <test-method is-config="true" signature="after()[pri:0, instance:steam.test.DownloadSteamTest@1930a804]" started-at="2022-05-17T12:23:04 MSK" name="after" finished-at="2022-05-17T12:23:05 MSK" duration-ms="444" status="PASS">
          <reporter-output>
          </reporter-output>
        </test-method> <!-- after -->
      </class> <!-- steam.test.DownloadSteamTest -->
    </test> <!-- Surefire test -->
  </suite> <!-- Surefire suite -->
</testng-results>
